<?xml version="1.0" encoding="UTF-8"?>
<robot generator="Robot 7.0 (Python 3.12.4 on darwin)" generated="2024-09-14T22:28:55.865026" rpa="false" schemaversion="5">
<suite id="s1" name="Login" source="/Users/macbook/Desktop/Dicedreams-Fullstack-main/test/Login.robot">
<test id="s1-t1" name="TC1001 การเข้าสู่ระบบ" line="27">
<kw name="Open Browser" owner="SeleniumLibrary">
<msg time="2024-09-14T22:28:56.219337" level="INFO">Opening browser 'chrome' to base url 'https://dicedreams-font-end.vercel.app'.</msg>
<arg>${URL}</arg>
<arg>${Browser}</arg>
<doc>Opens a new browser instance to the optional ``url``.</doc>
<status status="PASS" start="2024-09-14T22:28:56.218907" elapsed="26.359887"/>
</kw>
<kw name="Click Button" owner="SeleniumLibrary">
<msg time="2024-09-14T22:29:22.624695" level="INFO">Clicking button 'id=login-button'.</msg>
<arg>id=login-button</arg>
<doc>Clicks the button identified by ``locator``.</doc>
<status status="PASS" start="2024-09-14T22:29:22.619204" elapsed="0.581172"/>
</kw>
<kw name="Wait Until Element Is Visible" owner="SeleniumLibrary">
<arg>xpath=//div[@id='login-form']/div</arg>
<arg>10s</arg>
<doc>Waits until the element ``locator`` is visible.</doc>
<status status="PASS" start="2024-09-14T22:29:23.203186" elapsed="0.219325"/>
</kw>
<kw name="Input Text" owner="SeleniumLibrary">
<msg time="2024-09-14T22:29:23.424821" level="INFO">Typing text 'WOJA2' into text field 'name=identifier'.</msg>
<arg>name=identifier</arg>
<arg>WOJA2</arg>
<doc>Types the given ``text`` into the text field identified by ``locator``.</doc>
<status status="PASS" start="2024-09-14T22:29:23.424150" elapsed="0.619893"/>
</kw>
<kw name="Click Button" owner="SeleniumLibrary">
<msg time="2024-09-14T22:29:24.047682" level="INFO">Clicking button 'id=loginPassword'.</msg>
<arg>id=loginPassword</arg>
<doc>Clicks the button identified by ``locator``.</doc>
<status status="PASS" start="2024-09-14T22:29:24.047076" elapsed="0.154194"/>
</kw>
<kw name="Input Text" owner="SeleniumLibrary">
<msg time="2024-09-14T22:29:24.204087" level="INFO">Typing text '111111' into text field 'name=loginPassword'.</msg>
<arg>name=loginPassword</arg>
<arg>111111</arg>
<doc>Types the given ``text`` into the text field identified by ``locator``.</doc>
<status status="PASS" start="2024-09-14T22:29:24.203497" elapsed="0.304220"/>
</kw>
<kw name="Click Button" owner="SeleniumLibrary">
<msg time="2024-09-14T22:29:24.519151" level="INFO">Clicking button 'id=login-submit-button'.</msg>
<arg>id=login-submit-button</arg>
<doc>Clicks the button identified by ``locator``.</doc>
<status status="PASS" start="2024-09-14T22:29:24.518716" elapsed="0.271816"/>
</kw>
<kw name="Check Title blog">
<kw name="Wait Until Page Contains" owner="SeleniumLibrary">
<arg>เข้าสู่ระบบสำเร็จ</arg>
<arg>10s</arg>
<doc>Waits until ``text`` appears on the current page.</doc>
<status status="PASS" start="2024-09-14T22:29:24.795300" elapsed="0.446533"/>
</kw>
<kw name="Sleep" owner="BuiltIn">
<msg time="2024-09-14T22:29:26.243160" level="INFO">Slept 1 second.</msg>
<arg>1</arg>
<doc>Pauses the test executed for the given time.</doc>
<status status="PASS" start="2024-09-14T22:29:25.242266" elapsed="1.001096"/>
</kw>
<kw name="Capture Page Screenshot" owner="SeleniumLibrary">
<msg time="2024-09-14T22:29:27.522507" level="INFO" html="true">&lt;/td&gt;&lt;/tr&gt;&lt;tr&gt;&lt;td colspan="3"&gt;&lt;a href="selenium-screenshot-29.png"&gt;&lt;img src="selenium-screenshot-29.png" width="800px"&gt;&lt;/a&gt;</msg>
<doc>Takes a screenshot of the current page and embeds it into a log file.</doc>
<status status="PASS" start="2024-09-14T22:29:26.243741" elapsed="1.278914"/>
</kw>
<status status="PASS" start="2024-09-14T22:29:24.792707" elapsed="2.730148"/>
</kw>
<kw name="Close Browser" owner="SeleniumLibrary">
<doc>Closes the current browser.</doc>
<status status="PASS" start="2024-09-14T22:29:27.523395" elapsed="0.303051"/>
</kw>
<status status="PASS" start="2024-09-14T22:28:56.217163" elapsed="31.612117"/>
</test>
<test id="s1-t2" name="TC1002 การเข้าสู่ระบบโดยไม่กรอกชื่อ" line="38">
<kw name="Open Browser" owner="SeleniumLibrary">
<msg time="2024-09-14T22:29:27.839887" level="INFO">Opening browser 'chrome' to base url 'https://dicedreams-font-end.vercel.app'.</msg>
<arg>${URL}</arg>
<arg>${Browser}</arg>
<doc>Opens a new browser instance to the optional ``url``.</doc>
<status status="PASS" start="2024-09-14T22:29:27.839186" elapsed="5.411976"/>
</kw>
<kw name="Click Button" owner="SeleniumLibrary">
<msg time="2024-09-14T22:29:33.253106" level="INFO">Clicking button 'id=login-button'.</msg>
<arg>id=login-button</arg>
<doc>Clicks the button identified by ``locator``.</doc>
<status status="PASS" start="2024-09-14T22:29:33.252363" elapsed="0.393532"/>
</kw>
<kw name="Wait Until Element Is Visible" owner="SeleniumLibrary">
<arg>xpath=//div[@id='login-form']/div</arg>
<arg>10s</arg>
<doc>Waits until the element ``locator`` is visible.</doc>
<status status="PASS" start="2024-09-14T22:29:33.646666" elapsed="0.102808"/>
</kw>
<kw name="Click Button" owner="SeleniumLibrary">
<msg time="2024-09-14T22:29:33.750897" level="INFO">Clicking button 'id=loginPassword'.</msg>
<arg>id=loginPassword</arg>
<doc>Clicks the button identified by ``locator``.</doc>
<status status="PASS" start="2024-09-14T22:29:33.750314" elapsed="0.152292"/>
</kw>
<kw name="Input Text" owner="SeleniumLibrary">
<msg time="2024-09-14T22:29:33.904701" level="INFO">Typing text '111111' into text field 'name=loginPassword'.</msg>
<arg>name=loginPassword</arg>
<arg>111111</arg>
<doc>Types the given ``text`` into the text field identified by ``locator``.</doc>
<status status="PASS" start="2024-09-14T22:29:33.903469" elapsed="0.459004"/>
</kw>
<kw name="Click Button" owner="SeleniumLibrary">
<msg time="2024-09-14T22:29:34.363556" level="INFO">Clicking button 'id=login-submit-button'.</msg>
<arg>id=login-submit-button</arg>
<doc>Clicks the button identified by ``locator``.</doc>
<status status="PASS" start="2024-09-14T22:29:34.363132" elapsed="0.292752"/>
</kw>
<kw name="Check Title blog2">
<kw name="Page Should Contain" owner="SeleniumLibrary">
<msg time="2024-09-14T22:29:34.785813" level="INFO">Current page contains text 'กรอก E-mail หรือ Username ไม่ถูกต้อง'.</msg>
<arg>กรอก E-mail หรือ Username ไม่ถูกต้อง</arg>
<doc>Verifies that current page contains ``text``.</doc>
<status status="PASS" start="2024-09-14T22:29:34.684464" elapsed="0.101689"/>
</kw>
<kw name="Sleep" owner="BuiltIn">
<msg time="2024-09-14T22:29:35.787112" level="INFO">Slept 1 second.</msg>
<arg>1</arg>
<doc>Pauses the test executed for the given time.</doc>
<status status="PASS" start="2024-09-14T22:29:34.786531" elapsed="1.000749"/>
</kw>
<kw name="Capture Page Screenshot" owner="SeleniumLibrary">
<msg time="2024-09-14T22:29:37.016766" level="INFO" html="true">&lt;/td&gt;&lt;/tr&gt;&lt;tr&gt;&lt;td colspan="3"&gt;&lt;a href="selenium-screenshot-30.png"&gt;&lt;img src="selenium-screenshot-30.png" width="800px"&gt;&lt;/a&gt;</msg>
<doc>Takes a screenshot of the current page and embeds it into a log file.</doc>
<status status="PASS" start="2024-09-14T22:29:35.787592" elapsed="1.229308"/>
</kw>
<status status="PASS" start="2024-09-14T22:29:34.683065" elapsed="2.333979"/>
</kw>
<kw name="Close Browser" owner="SeleniumLibrary">
<doc>Closes the current browser.</doc>
<status status="PASS" start="2024-09-14T22:29:37.017279" elapsed="0.215624"/>
</kw>
<status status="PASS" start="2024-09-14T22:29:27.833132" elapsed="9.400924"/>
</test>
<test id="s1-t3" name="TC1003 การเข้าสู่ระบบโดยไม่กรอกรหัสผ่าน" line="50">
<kw name="Open Browser" owner="SeleniumLibrary">
<msg time="2024-09-14T22:29:37.239085" level="INFO">Opening browser 'chrome' to base url 'https://dicedreams-font-end.vercel.app'.</msg>
<arg>${URL}</arg>
<arg>${Browser}</arg>
<doc>Opens a new browser instance to the optional ``url``.</doc>
<status status="PASS" start="2024-09-14T22:29:37.238329" elapsed="4.284421"/>
</kw>
<kw name="Click Button" owner="SeleniumLibrary">
<msg time="2024-09-14T22:29:41.524528" level="INFO">Clicking button 'id=login-button'.</msg>
<arg>id=login-button</arg>
<doc>Clicks the button identified by ``locator``.</doc>
<status status="PASS" start="2024-09-14T22:29:41.524011" elapsed="0.194677"/>
</kw>
<kw name="Wait Until Element Is Visible" owner="SeleniumLibrary">
<arg>xpath=//div[@id='login-form']/div</arg>
<arg>10s</arg>
<doc>Waits until the element ``locator`` is visible.</doc>
<status status="PASS" start="2024-09-14T22:29:41.719397" elapsed="0.202513"/>
</kw>
<kw name="Input Text" owner="SeleniumLibrary">
<msg time="2024-09-14T22:29:41.922874" level="INFO">Typing text 'WOJA2' into text field 'name=identifier'.</msg>
<arg>name=identifier</arg>
<arg>WOJA2</arg>
<doc>Types the given ``text`` into the text field identified by ``locator``.</doc>
<status status="PASS" start="2024-09-14T22:29:41.922435" elapsed="0.512708"/>
</kw>
<kw name="Click Button" owner="SeleniumLibrary">
<msg time="2024-09-14T22:29:42.438347" level="INFO">Clicking button 'id=loginPassword'.</msg>
<arg>id=loginPassword</arg>
<doc>Clicks the button identified by ``locator``.</doc>
<status status="PASS" start="2024-09-14T22:29:42.437042" elapsed="0.110507"/>
</kw>
<kw name="Click Button" owner="SeleniumLibrary">
<msg time="2024-09-14T22:29:42.550351" level="INFO">Clicking button 'id=login-submit-button'.</msg>
<arg>id=login-submit-button</arg>
<doc>Clicks the button identified by ``locator``.</doc>
<status status="PASS" start="2024-09-14T22:29:42.549419" elapsed="0.401800"/>
</kw>
<kw name="Check Title blog3">
<kw name="Page Should Contain" owner="SeleniumLibrary">
<msg time="2024-09-14T22:29:43.109162" level="INFO">Current page contains text 'กรอก Password ไม่ถูกต้อง'.</msg>
<arg>กรอก Password ไม่ถูกต้อง</arg>
<doc>Verifies that current page contains ``text``.</doc>
<status status="PASS" start="2024-09-14T22:29:42.958784" elapsed="0.150556"/>
</kw>
<kw name="Sleep" owner="BuiltIn">
<msg time="2024-09-14T22:29:44.111250" level="INFO">Slept 1 second.</msg>
<arg>1</arg>
<doc>Pauses the test executed for the given time.</doc>
<status status="PASS" start="2024-09-14T22:29:43.109695" elapsed="1.002490"/>
</kw>
<kw name="Capture Page Screenshot" owner="SeleniumLibrary">
<msg time="2024-09-14T22:29:45.500090" level="INFO" html="true">&lt;/td&gt;&lt;/tr&gt;&lt;tr&gt;&lt;td colspan="3"&gt;&lt;a href="selenium-screenshot-31.png"&gt;&lt;img src="selenium-screenshot-31.png" width="800px"&gt;&lt;/a&gt;</msg>
<doc>Takes a screenshot of the current page and embeds it into a log file.</doc>
<status status="PASS" start="2024-09-14T22:29:44.114986" elapsed="1.385238"/>
</kw>
<status status="PASS" start="2024-09-14T22:29:42.955079" elapsed="2.545360"/>
</kw>
<kw name="Close Browser" owner="SeleniumLibrary">
<doc>Closes the current browser.</doc>
<status status="PASS" start="2024-09-14T22:29:45.500767" elapsed="0.232685"/>
</kw>
<status status="PASS" start="2024-09-14T22:29:37.235132" elapsed="8.499027"/>
</test>
<test id="s1-t4" name="TC1004 การเข้าสู่ระบบโดยไม่กรอกอะไรเลย" line="62">
<kw name="Open Browser" owner="SeleniumLibrary">
<msg time="2024-09-14T22:29:45.742565" level="INFO">Opening browser 'chrome' to base url 'https://dicedreams-font-end.vercel.app'.</msg>
<arg>${URL}</arg>
<arg>${Browser}</arg>
<doc>Opens a new browser instance to the optional ``url``.</doc>
<status status="PASS" start="2024-09-14T22:29:45.741355" elapsed="2.601211"/>
</kw>
<kw name="Click Button" owner="SeleniumLibrary">
<msg time="2024-09-14T22:29:48.345102" level="INFO">Clicking button 'id=login-button'.</msg>
<arg>id=login-button</arg>
<doc>Clicks the button identified by ``locator``.</doc>
<status status="PASS" start="2024-09-14T22:29:48.344032" elapsed="1.563984"/>
</kw>
<kw name="Wait Until Element Is Visible" owner="SeleniumLibrary">
<arg>xpath=//div[@id='login-form']/div</arg>
<arg>10s</arg>
<doc>Waits until the element ``locator`` is visible.</doc>
<status status="PASS" start="2024-09-14T22:29:49.908663" elapsed="0.070243"/>
</kw>
<kw name="Click Button" owner="SeleniumLibrary">
<msg time="2024-09-14T22:29:49.981050" level="INFO">Clicking button 'id=loginPassword'.</msg>
<arg>id=loginPassword</arg>
<doc>Clicks the button identified by ``locator``.</doc>
<status status="PASS" start="2024-09-14T22:29:49.980621" elapsed="0.117283"/>
</kw>
<kw name="Click Button" owner="SeleniumLibrary">
<msg time="2024-09-14T22:29:50.102951" level="INFO">Clicking button 'id=login-submit-button'.</msg>
<arg>id=login-submit-button</arg>
<doc>Clicks the button identified by ``locator``.</doc>
<status status="PASS" start="2024-09-14T22:29:50.100458" elapsed="0.316254"/>
</kw>
<kw name="Check Title blog2">
<kw name="Page Should Contain" owner="SeleniumLibrary">
<msg time="2024-09-14T22:29:50.545141" level="INFO">Current page contains text 'กรอก E-mail หรือ Username ไม่ถูกต้อง'.</msg>
<arg>กรอก E-mail หรือ Username ไม่ถูกต้อง</arg>
<doc>Verifies that current page contains ``text``.</doc>
<status status="PASS" start="2024-09-14T22:29:50.418273" elapsed="0.127050"/>
</kw>
<kw name="Sleep" owner="BuiltIn">
<msg time="2024-09-14T22:29:51.546597" level="INFO">Slept 1 second.</msg>
<arg>1</arg>
<doc>Pauses the test executed for the given time.</doc>
<status status="PASS" start="2024-09-14T22:29:50.545822" elapsed="1.000930"/>
</kw>
<kw name="Capture Page Screenshot" owner="SeleniumLibrary">
<msg time="2024-09-14T22:29:52.795913" level="INFO" html="true">&lt;/td&gt;&lt;/tr&gt;&lt;tr&gt;&lt;td colspan="3"&gt;&lt;a href="selenium-screenshot-33.png"&gt;&lt;img src="selenium-screenshot-33.png" width="800px"&gt;&lt;/a&gt;</msg>
<doc>Takes a screenshot of the current page and embeds it into a log file.</doc>
<status status="PASS" start="2024-09-14T22:29:51.547078" elapsed="1.249010"/>
</kw>
<status status="PASS" start="2024-09-14T22:29:50.417563" elapsed="2.378679"/>
</kw>
<kw name="Close Browser" owner="SeleniumLibrary">
<doc>Closes the current browser.</doc>
<status status="PASS" start="2024-09-14T22:29:52.796650" elapsed="0.167293"/>
</kw>
<status status="PASS" start="2024-09-14T22:29:45.735913" elapsed="7.228773"/>
</test>
<status status="PASS" start="2024-09-14T22:28:55.871112" elapsed="57.096367"/>
</suite>
<statistics>
<total>
<stat pass="4" fail="0" skip="0">All Tests</stat>
</total>
<tag>
</tag>
<suite>
<stat pass="4" fail="0" skip="0" id="s1" name="Login">Login</stat>
</suite>
</statistics>
<errors>
</errors>
</robot>
